2025-10-20 14:46:52,469 - __main__ - INFO - Settings saved successfully
2025-10-20 15:06:04,544 - flet - INFO - Assets path configured: D:\src\remote_mouse_server\assets
2025-10-20 15:06:04,549 - flet - INFO - Starting up TCP server on localhost:56075
2025-10-20 15:06:04,560 - flet - INFO - Flet app has started...
2025-10-20 15:06:04,568 - flet - INFO - App URL: tcp://localhost:56075
2025-10-20 15:06:04,568 - flet_desktop - INFO - Starting Flet View app...
2025-10-20 15:06:04,571 - flet_desktop - INFO - Looking for Flet executable at: D:\src\remote_mouse_server\.venv\Lib\site-packages\flet_desktop\app\flet\flet.exe
2025-10-20 15:06:04,572 - flet_desktop - INFO - Flet View found in: D:\src\remote_mouse_server\.venv\Lib\site-packages\flet_desktop\app\flet\flet.exe
2025-10-20 15:06:04,882 - flet - INFO - App session started
2025-10-20 15:06:04,884 - __main__ - INFO - Settings loaded successfully
2025-10-20 15:06:05,100 - __main__ - INFO - Found running server with PID 17772 on port 8000
2025-10-20 15:06:18,428 - __main__ - INFO - Stopping server process with PID: 17772
2025-10-20 15:06:18,561 - __main__ - INFO - Termination signal sent to PID 17772
2025-10-20 15:06:18,562 - __main__ - INFO - Server state file cleared.
2025-10-20 15:06:18,562 - __main__ - INFO - Server stopped. Uptime was 00:24:35
2025-10-20 15:28:32,434 - flet - INFO - Assets path configured: D:\src\remote_mouse_server\assets
2025-10-20 15:28:32,438 - flet - INFO - Starting up TCP server on localhost:63882
2025-10-20 15:28:32,448 - flet - INFO - Flet app has started...
2025-10-20 15:28:32,455 - flet - INFO - App URL: tcp://localhost:63882
2025-10-20 15:28:32,455 - flet_desktop - INFO - Starting Flet View app...
2025-10-20 15:28:32,457 - flet_desktop - INFO - Looking for Flet executable at: D:\src\remote_mouse_server\.venv\Lib\site-packages\flet_desktop\app\flet\flet.exe
2025-10-20 15:28:32,457 - flet_desktop - INFO - Flet View found in: D:\src\remote_mouse_server\.venv\Lib\site-packages\flet_desktop\app\flet\flet.exe
2025-10-20 15:28:32,720 - flet - INFO - App session started
2025-10-20 15:28:32,722 - __main__ - INFO - Settings loaded successfully
2025-10-20 15:28:43,363 - __main__ - INFO - Server state saved for PID 17052
2025-10-20 15:28:43,363 - __main__ - INFO - Server started on 192.168.1.5:8000 with PID 17052
2025-10-20 15:32:01,949 - flet - INFO - Assets path configured: D:\src\remote_mouse_server\assets
2025-10-20 15:32:01,954 - flet - INFO - Starting up TCP server on localhost:55785
2025-10-20 15:32:01,969 - flet - INFO - Flet app has started...
2025-10-20 15:32:01,976 - flet - INFO - App URL: tcp://localhost:55785
2025-10-20 15:32:01,976 - flet_desktop - INFO - Starting Flet View app...
2025-10-20 15:32:01,978 - flet_desktop - INFO - Looking for Flet executable at: D:\src\remote_mouse_server\.venv\Lib\site-packages\flet_desktop\app\flet\flet.exe
2025-10-20 15:32:01,978 - flet_desktop - INFO - Flet View found in: D:\src\remote_mouse_server\.venv\Lib\site-packages\flet_desktop\app\flet\flet.exe
2025-10-20 15:32:02,302 - flet - INFO - App session started
2025-10-20 15:32:02,304 - __main__ - INFO - Settings loaded successfully
2025-10-20 15:32:02,513 - __main__ - INFO - Found running server with PID 17052 on port 8000
2025-10-20 15:32:28,235 - asyncio - ERROR - Future exception was never retrieved
future: <Future finished exception=AttributeError("'Page' object has no attribute 'window_close'")>
Traceback (most recent call last):
  File "C:\Users\athar\AppData\Local\Programs\Python\Python311\Lib\concurrent\futures\thread.py", line 58, in run
    result = self.fn(*self.args, **self.kwargs)
             ^^^^^^^^^^^^^^^^^^^^^^^^^^^^^^^^^^
  File "D:\src\remote_mouse_server\.venv\Lib\site-packages\flet\core\page.py", line 906, in wrapper
    handler(*args)
  File "D:\src\remote_mouse_server\app.py", line 595, in <lambda>
    ft.PopupMenuItem(text="Exit", icon="exit_to_app", on_click=lambda e: page.window_close()),
                                                                         ^^^^^^^^^^^^^^^^^
AttributeError: 'Page' object has no attribute 'window_close'
2025-10-20 15:32:41,098 - __main__ - INFO - Stopping server process with PID: 17052
2025-10-20 15:32:41,217 - __main__ - INFO - Termination signal sent to PID 17052
2025-10-20 15:32:41,219 - __main__ - INFO - Server state file cleared.
2025-10-20 15:32:41,221 - __main__ - INFO - Server stopped. Uptime was 00:03:57
2025-10-20 16:20:13,799 - flet - INFO - Assets path configured: D:\src\remote_mouse_server\assets
2025-10-20 16:20:13,803 - flet - INFO - Starting up TCP server on localhost:60116
2025-10-20 16:20:13,812 - flet - INFO - Flet app has started...
2025-10-20 16:20:13,819 - flet - INFO - App URL: tcp://localhost:60116
2025-10-20 16:20:13,819 - flet_desktop - INFO - Starting Flet View app...
2025-10-20 16:20:13,820 - flet_desktop - INFO - Looking for Flet executable at: D:\src\remote_mouse_server\.venv\Lib\site-packages\flet_desktop\app\flet\flet.exe
2025-10-20 16:20:13,821 - flet_desktop - INFO - Flet View found in: D:\src\remote_mouse_server\.venv\Lib\site-packages\flet_desktop\app\flet\flet.exe
2025-10-20 16:20:14,538 - flet - INFO - App session started
2025-10-20 16:20:14,540 - __main__ - INFO - Settings loaded successfully
2025-10-20 16:23:15,402 - flet - INFO - Assets path configured: D:\src\remote_mouse_server\assets
2025-10-20 16:23:15,406 - flet - INFO - Starting up TCP server on localhost:63125
2025-10-20 16:23:15,414 - flet - INFO - Flet app has started...
2025-10-20 16:23:15,420 - flet - INFO - App URL: tcp://localhost:63125
2025-10-20 16:23:15,421 - flet_desktop - INFO - Starting Flet View app...
2025-10-20 16:23:15,422 - flet_desktop - INFO - Looking for Flet executable at: D:\src\remote_mouse_server\.venv\Lib\site-packages\flet_desktop\app\flet\flet.exe
2025-10-20 16:23:15,423 - flet_desktop - INFO - Flet View found in: D:\src\remote_mouse_server\.venv\Lib\site-packages\flet_desktop\app\flet\flet.exe
2025-10-20 16:23:15,688 - flet - INFO - App session started
2025-10-20 16:23:15,690 - __main__ - INFO - Settings loaded successfully
2025-10-20 16:24:55,491 - __main__ - INFO - Server state saved for PID 9916
2025-10-20 16:24:55,492 - __main__ - INFO - Server started on 192.168.1.5:8000 with PID 9916
2025-10-20 17:06:09,911 - flet - INFO - Assets path configured: D:\src\remote_mouse_server\assets
2025-10-20 17:06:09,919 - flet - INFO - Starting up TCP server on localhost:50784
2025-10-20 17:06:09,937 - flet - INFO - Flet app has started...
2025-10-20 17:06:09,951 - flet - INFO - App URL: tcp://localhost:50784
2025-10-20 17:06:09,951 - flet_desktop - INFO - Starting Flet View app...
2025-10-20 17:06:09,954 - flet_desktop - INFO - Looking for Flet executable at: C:\Users\athar\AppData\Local\Programs\Python\Python311\Lib\site-packages\flet_desktop\app\flet\flet.exe
2025-10-20 17:06:09,955 - flet_desktop - INFO - Flet View found in: C:\Users\athar\AppData\Local\Programs\Python\Python311\Lib\site-packages\flet_desktop\app\flet\flet.exe
2025-10-20 17:06:10,603 - flet - INFO - App session started
2025-10-20 17:06:10,607 - __main__ - INFO - Settings loaded successfully
2025-10-20 17:06:12,650 - __main__ - INFO - Stale state file found. Cleaning up.
2025-10-20 17:06:12,651 - __main__ - INFO - Server state file cleared.
2025-10-20 17:06:17,423 - __main__ - INFO - Server state saved for PID 11604
2025-10-20 17:06:17,425 - __main__ - INFO - Server started on 192.168.1.5:8000 with PID 11604
2025-10-20 17:06:17,449 - __main__ - ERROR - Failed to generate QR code: PyPNGImage.save() got an unexpected keyword argument 'format'
2025-10-20 17:06:17,450 - __main__ - ERROR - Failed to generate QR: PyPNGImage.save() got an unexpected keyword argument 'format'
2025-10-20 17:06:20,461 - __main__ - INFO - Stopping server process with PID: 11604
2025-10-20 17:06:20,649 - __main__ - ERROR - Failed to stop server: Command '['taskkill', '/F', '/PID', '11604']' returned non-zero exit status 128.
2025-10-20 17:06:20,650 - __main__ - INFO - Server state file cleared.
2025-10-20 17:06:43,892 - flet - INFO - Assets path configured: D:\src\remote_mouse_server\assets
2025-10-20 17:06:43,897 - flet - INFO - Starting up TCP server on localhost:50791
2025-10-20 17:06:43,905 - flet - INFO - Flet app has started...
2025-10-20 17:06:43,914 - flet - INFO - App URL: tcp://localhost:50791
2025-10-20 17:06:43,914 - flet_desktop - INFO - Starting Flet View app...
2025-10-20 17:06:43,916 - flet_desktop - INFO - Looking for Flet executable at: D:\src\remote_mouse_server\.venv\Lib\site-packages\flet_desktop\app\flet\flet.exe
2025-10-20 17:06:43,917 - flet_desktop - INFO - Flet View found in: D:\src\remote_mouse_server\.venv\Lib\site-packages\flet_desktop\app\flet\flet.exe
2025-10-20 17:06:44,908 - flet - INFO - App session started
2025-10-20 17:06:44,910 - __main__ - INFO - Settings loaded successfully
2025-10-20 17:06:49,661 - __main__ - INFO - Server state saved for PID 6436
2025-10-20 17:06:49,661 - __main__ - INFO - Server started on 192.168.1.5:8000 with PID 6436
2025-10-20 17:07:05,530 - __main__ - INFO - Settings saved successfully
2025-10-21 13:14:12,295 - flet - INFO - Assets path configured: D:\src\remote_mouse_server\assets
2025-10-21 13:14:12,303 - flet - INFO - Starting up TCP server on localhost:53797
2025-10-21 13:14:12,320 - flet - INFO - Flet app has started...
2025-10-21 13:14:12,333 - flet - INFO - App URL: tcp://localhost:53797
2025-10-21 13:14:12,333 - flet_desktop - INFO - Starting Flet View app...
2025-10-21 13:14:12,335 - flet_desktop - INFO - Looking for Flet executable at: D:\src\remote_mouse_server\.venv\Lib\site-packages\flet_desktop\app\flet\flet.exe
2025-10-21 13:14:12,336 - flet_desktop - INFO - Flet View found in: D:\src\remote_mouse_server\.venv\Lib\site-packages\flet_desktop\app\flet\flet.exe
2025-10-21 13:14:13,500 - flet - INFO - App session started
2025-10-21 13:14:13,502 - __main__ - INFO - Settings loaded successfully
2025-10-21 13:14:13,696 - __main__ - INFO - Found running server with PID 6436 on port 8000
2025-10-21 13:21:16,269 - __main__ - INFO - Stopping server process with PID: 6436
2025-10-21 13:21:16,430 - __main__ - INFO - Termination signal sent to PID 6436
2025-10-21 13:21:16,430 - __main__ - INFO - Server state file cleared.
2025-10-21 13:21:16,430 - __main__ - INFO - Server stopped. Uptime was 20:14:26
